#
# There is insufficient memory for the Java Runtime Environment to continue.
# Native memory allocation (malloc) failed to allocate 953296 bytes for Chunk::new
# Possible reasons:
#   The system is out of physical RAM or swap space
#   The process is running with CompressedOops enabled, and the Java Heap may be blocking the growth of the native heap
# Possible solutions:
#   Reduce memory load on the system
#   Increase physical memory or swap space
#   Check if swap backing store is full
#   Decrease Java heap size (-Xmx/-Xms)
#   Decrease number of Java threads
#   Decrease Java thread stack sizes (-Xss)
#   Set larger code cache with -XX:ReservedCodeCacheSize=
#   JVM is running with Unscaled Compressed Oops mode in which the Java heap is
#     placed in the first 4GB address space. The Java Heap base address is the
#     maximum limit for the native heap growth. Please use -XX:HeapBaseMinAddress
#     to set the Java Heap base and to place the Java Heap above 4GB virtual address.
# This output file may be truncated or incomplete.
#
#  Out of Memory Error (allocation.cpp:389), pid=20100, tid=0x0000000000004fa4
#
# JRE version: Java(TM) SE Runtime Environment (8.0_221-b11) (build 1.8.0_221-b11)
# Java VM: Java HotSpot(TM) 64-Bit Server VM (25.221-b11 mixed mode windows-amd64 compressed oops)
# Failed to write core dump. Minidumps are not enabled by default on client versions of Windows
#

---------------  T H R E A D  ---------------

Current thread (0x0000000016693000):  JavaThread "C2 CompilerThread0" daemon [_thread_in_native, id=20388, stack(0x0000000016990000,0x0000000016a90000)]

Stack: [0x0000000016990000,0x0000000016a90000]
[error occurred during error reporting (printing stack bounds), id 0xc0000005]

Native frames: (J=compiled Java code, j=interpreted, Vv=VM code, C=native code)


Current CompileTask:
C2:  58858 2545       4       play.api.libs.json.jackson.JsValueSerializer::serialize (435 bytes)


---------------  P R O C E S S  ---------------

Java Threads: ( => current thread )
  0x0000000018adc800 JavaThread "nioEventLoopGroup-3-3" [_thread_in_native, id=23720, stack(0x000000001de90000,0x000000001df90000)]
  0x0000000018adb000 JavaThread "nioEventLoopGroup-3-2" [_thread_in_native, id=10228, stack(0x000000001cd80000,0x000000001ce80000)]
  0x0000000018adf800 JavaThread "threadDeathWatcher-4-1" daemon [_thread_blocked, id=15096, stack(0x000000001bc70000,0x000000001bd70000)]
  0x0000000018adf000 JavaThread "pool-1-thread-1" [_thread_blocked, id=11320, stack(0x000000001bb70000,0x000000001bc70000)]
  0x0000000018adc000 JavaThread "nioEventLoopGroup-3-1" [_thread_in_native, id=22024, stack(0x000000001ba70000,0x000000001bb70000)]
  0x0000000018ade000 JavaThread "nioEventLoopGroup-2-1" [_thread_in_native, id=25272, stack(0x000000001b970000,0x000000001ba70000)]
  0x000000001883b800 JavaThread "Mine-akka.actor.default-dispatcher-5" [_thread_blocked, id=24900, stack(0x000000001aa30000,0x000000001ab30000)]
  0x000000001883b000 JavaThread "Mine-akka.actor.default-dispatcher-4" [_thread_blocked, id=18312, stack(0x000000001a930000,0x000000001aa30000)]
  0x000000001883a000 JavaThread "Mine-akka.actor.default-dispatcher-3" [_thread_blocked, id=20960, stack(0x000000001a830000,0x000000001a930000)]
  0x0000000018839800 JavaThread "Mine-akka.actor.default-dispatcher-2" [_thread_blocked, id=8620, stack(0x000000001a730000,0x000000001a830000)]
  0x000000001883c800 JavaThread "Mine-scheduler-1" [_thread_blocked, id=15448, stack(0x000000001a630000,0x000000001a730000)]
  0x000000001883f800 JavaThread "DestroyJavaVM" [_thread_blocked, id=20088, stack(0x0000000002de0000,0x0000000002ee0000)]
  0x0000000018838800 JavaThread "default-akka.actor.default-dispatcher-9" [_thread_blocked, id=24264, stack(0x000000001a330000,0x000000001a430000)]
  0x000000001881a000 JavaThread "default-akka.actor.default-dispatcher-8" [_thread_blocked, id=15596, stack(0x000000001a230000,0x000000001a330000)]
  0x0000000018819000 JavaThread "default-akka.actor.default-dispatcher-7" [_thread_blocked, id=21696, stack(0x000000001a130000,0x000000001a230000)]
  0x000000001855e000 JavaThread "default-akka.actor.default-dispatcher-6" [_thread_blocked, id=14456, stack(0x000000001a030000,0x000000001a130000)]
  0x000000001855d800 JavaThread "default-akka.actor.default-dispatcher-5" [_thread_blocked, id=22332, stack(0x0000000019f30000,0x000000001a030000)]
  0x0000000018801800 JavaThread "default-akka.actor.default-dispatcher-4" [_thread_blocked, id=23580, stack(0x0000000019e30000,0x0000000019f30000)]
  0x00000000187f5000 JavaThread "default-akka.actor.default-dispatcher-3" [_thread_blocked, id=25052, stack(0x0000000019d30000,0x0000000019e30000)]
  0x00000000187ef800 JavaThread "default-akka.actor.default-dispatcher-2" [_thread_blocked, id=22068, stack(0x0000000019c30000,0x0000000019d30000)]
  0x00000000186e0000 JavaThread "default-scheduler-1" [_thread_blocked, id=25280, stack(0x0000000019930000,0x0000000019a30000)]
  0x0000000016641000 JavaThread "Service Thread" daemon [_thread_blocked, id=11788, stack(0x0000000016b90000,0x0000000016c90000)]
  0x000000001663f000 JavaThread "C1 CompilerThread1" daemon [_thread_blocked, id=23692, stack(0x0000000016a90000,0x0000000016b90000)]
=>0x0000000016693000 JavaThread "C2 CompilerThread0" daemon [_thread_in_native, id=20388, stack(0x0000000016990000,0x0000000016a90000)]
  0x0000000016628000 JavaThread "Monitor Ctrl-Break" daemon [_thread_in_native, id=25564, stack(0x0000000016890000,0x0000000016990000)]
  0x0000000015466800 JavaThread "Attach Listener" daemon [_thread_blocked, id=17308, stack(0x0000000016390000,0x0000000016490000)]
  0x0000000015463800 JavaThread "Signal Dispatcher" daemon [_thread_blocked, id=11484, stack(0x0000000016290000,0x0000000016390000)]
  0x0000000003174800 JavaThread "Finalizer" daemon [_thread_blocked, id=19036, stack(0x0000000016090000,0x0000000016190000)]
  0x0000000015448000 JavaThread "Reference Handler" daemon [_thread_blocked, id=20108, stack(0x0000000015f90000,0x0000000016090000)]

Other Threads:
  0x0000000015427000 VMThread [stack: 0x0000000015e90000,0x0000000015f90000] [id=18956]
  0x0000000016769800 WatcherThread [stack: 0x0000000016c90000,0x0000000016d90000] [id=22236]

VM state:not at safepoint (normal execution)

VM Mutex/Monitor currently owned by a thread: None

heap address: 0x00000000c2e00000, size: 978 MB, Compressed Oops mode: 32-bit
Narrow klass base: 0x0000000000000000, Narrow klass shift: 3
Compressed class space size: 1073741824 Address: 0x0000000100000000

Heap:
 PSYoungGen      total 48128K, used 7651K [0x00000000eba00000, 0x00000000ef080000, 0x0000000100000000)
  eden space 44544K, 9% used [0x00000000eba00000,0x00000000ebe39bb8,0x00000000ee580000)
  from space 3584K, 92% used [0x00000000eed00000,0x00000000ef03f3a0,0x00000000ef080000)
  to   space 5632K, 0% used [0x00000000ee580000,0x00000000ee580000,0x00000000eeb00000)
 ParOldGen       total 49664K, used 39189K [0x00000000c2e00000, 0x00000000c5e80000, 0x00000000eba00000)
  object space 49664K, 78% used [0x00000000c2e00000,0x00000000c5445470,0x00000000c5e80000)
 Metaspace       used 27357K, capacity 28222K, committed 28288K, reserved 1073152K
  class space    used 3596K, capacity 3710K, committed 3712K, reserved 1048576K

Card table byte_map: [0x0000000012540000,0x0000000012730000] byte_map_base: 0x0000000011f29000

Marking Bits: (ParMarkBitMap*) 0x0000000074285ce0
 Begin Bits: [0x0000000012a80000, 0x00000000139c8000)
 End Bits:   [0x00000000139c8000, 0x0000000014910000)

Polling page: 0x0000000000df0000

CodeCache: size=245760Kb used=7154Kb max_used=7154Kb free=238605Kb
 bounds [0x0000000003180000, 0x0000000003890000, 0x0000000012180000]
 total_blobs=2807 nmethods=2366 adapters=354
 compilation: enabled

Compilation events (10 events):
Event: 58.691 Thread 0x000000001663f000 2548       3       sun.nio.ch.IOUtil::writeFromNativeBuffer (137 bytes)
Event: 58.692 Thread 0x000000001663f000 nmethod 2548 0x0000000003879050 code [0x0000000003879240, 0x0000000003879ce8]
Event: 58.779 Thread 0x000000001663f000 2550       3       io.netty.util.Recycler$WeakOrderQueue::transfer (293 bytes)
Event: 58.780 Thread 0x000000001663f000 nmethod 2550 0x000000000387e910 code [0x000000000387eb80, 0x000000000387fdd8]
Event: 58.781 Thread 0x000000001663f000 2551       3       io.netty.util.concurrent.SingleThreadEventExecutor::execute (80 bytes)
Event: 58.783 Thread 0x000000001663f000 nmethod 2551 0x0000000003880710 code [0x0000000003880ac0, 0x0000000003882c28]
Event: 58.784 Thread 0x000000001663f000 2552       3       io.netty.channel.SingleThreadEventLoop::wakesUpForTask (13 bytes)
Event: 58.784 Thread 0x000000001663f000 nmethod 2552 0x0000000003878b90 code [0x0000000003878d00, 0x0000000003878fb0]
Event: 58.784 Thread 0x000000001663f000 2553       3       io.netty.channel.nio.NioEventLoop::wakeup (25 bytes)
Event: 58.785 Thread 0x000000001663f000 nmethod 2553 0x0000000003878510 code [0x0000000003878680, 0x0000000003878a48]

GC Heap History (10 events):
Event: 4.343 GC heap before
{Heap before GC invocations=5 (full 0):
 PSYoungGen      total 18432K, used 18416K [0x00000000eba00000, 0x00000000ede00000, 0x0000000100000000)
  eden space 15872K, 100% used [0x00000000eba00000,0x00000000ec980000,0x00000000ec980000)
  from space 2560K, 99% used [0x00000000ecc00000,0x00000000ece7c070,0x00000000ece80000)
  to   space 2560K, 0% used [0x00000000ec980000,0x00000000ec980000,0x00000000ecc00000)
 ParOldGen       total 42496K, used 7683K [0x00000000c2e00000, 0x00000000c5780000, 0x00000000eba00000)
  object space 42496K, 18% used [0x00000000c2e00000,0x00000000c3580d90,0x00000000c5780000)
 Metaspace       used 18393K, capacity 19150K, committed 19456K, reserved 1067008K
  class space    used 2574K, capacity 2712K, committed 2816K, reserved 1048576K
Event: 4.357 GC heap after
Heap after GC invocations=5 (full 0):
 PSYoungGen      total 18432K, used 2528K [0x00000000eba00000, 0x00000000ee400000, 0x0000000100000000)
  eden space 15872K, 0% used [0x00000000eba00000,0x00000000eba00000,0x00000000ec980000)
  from space 2560K, 98% used [0x00000000ec980000,0x00000000ecbf80e0,0x00000000ecc00000)
  to   space 5632K, 0% used [0x00000000ede80000,0x00000000ede80000,0x00000000ee400000)
 ParOldGen       total 42496K, used 9337K [0x00000000c2e00000, 0x00000000c5780000, 0x00000000eba00000)
  object space 42496K, 21% used [0x00000000c2e00000,0x00000000c371e6b8,0x00000000c5780000)
 Metaspace       used 18393K, capacity 19150K, committed 19456K, reserved 1067008K
  class space    used 2574K, capacity 2712K, committed 2816K, reserved 1048576K
}
Event: 5.100 GC heap before
{Heap before GC invocations=6 (full 0):
 PSYoungGen      total 18432K, used 13745K [0x00000000eba00000, 0x00000000ee400000, 0x0000000100000000)
  eden space 15872K, 70% used [0x00000000eba00000,0x00000000ec4f4470,0x00000000ec980000)
  from space 2560K, 98% used [0x00000000ec980000,0x00000000ecbf80e0,0x00000000ecc00000)
  to   space 5632K, 0% used [0x00000000ede80000,0x00000000ede80000,0x00000000ee400000)
 ParOldGen       total 42496K, used 9337K [0x00000000c2e00000, 0x00000000c5780000, 0x00000000eba00000)
  object space 42496K, 21% used [0x00000000c2e00000,0x00000000c371e6b8,0x00000000c5780000)
 Metaspace       used 20452K, capacity 21198K, committed 21296K, reserved 1067008K
  class space    used 2762K, capacity 2904K, committed 2944K, reserved 1048576K
Event: 5.158 GC heap after
Heap after GC invocations=6 (full 0):
 PSYoungGen      total 37376K, used 4663K [0x00000000eba00000, 0x00000000ee400000, 0x0000000100000000)
  eden space 31744K, 0% used [0x00000000eba00000,0x00000000eba00000,0x00000000ed900000)
  from space 5632K, 82% used [0x00000000ede80000,0x00000000ee30ddf8,0x00000000ee400000)
  to   space 5632K, 0% used [0x00000000ed900000,0x00000000ed900000,0x00000000ede80000)
 ParOldGen       total 42496K, used 9337K [0x00000000c2e00000, 0x00000000c5780000, 0x00000000eba00000)
  object space 42496K, 21% used [0x00000000c2e00000,0x00000000c371e6b8,0x00000000c5780000)
 Metaspace       used 20452K, capacity 21198K, committed 21296K, reserved 1067008K
  class space    used 2762K, capacity 2904K, committed 2944K, reserved 1048576K
}
Event: 5.158 GC heap before
{Heap before GC invocations=7 (full 1):
 PSYoungGen      total 37376K, used 4663K [0x00000000eba00000, 0x00000000ee400000, 0x0000000100000000)
  eden space 31744K, 0% used [0x00000000eba00000,0x00000000eba00000,0x00000000ed900000)
  from space 5632K, 82% used [0x00000000ede80000,0x00000000ee30ddf8,0x00000000ee400000)
  to   space 5632K, 0% used [0x00000000ed900000,0x00000000ed900000,0x00000000ede80000)
 ParOldGen       total 42496K, used 9337K [0x00000000c2e00000, 0x00000000c5780000, 0x00000000eba00000)
  object space 42496K, 21% used [0x00000000c2e00000,0x00000000c371e6b8,0x00000000c5780000)
 Metaspace       used 20452K, capacity 21198K, committed 21296K, reserved 1067008K
  class space    used 2762K, capacity 2904K, committed 2944K, reserved 1048576K
Event: 5.367 GC heap after
Heap after GC invocations=7 (full 1):
 PSYoungGen      total 37376K, used 0K [0x00000000eba00000, 0x00000000ee400000, 0x0000000100000000)
  eden space 31744K, 0% used [0x00000000eba00000,0x00000000eba00000,0x00000000ed900000)
  from space 5632K, 0% used [0x00000000ede80000,0x00000000ede80000,0x00000000ee400000)
  to   space 5632K, 0% used [0x00000000ed900000,0x00000000ed900000,0x00000000ede80000)
 ParOldGen       total 32768K, used 6405K [0x00000000c2e00000, 0x00000000c4e00000, 0x00000000eba00000)
  object space 32768K, 19% used [0x00000000c2e00000,0x00000000c3441450,0x00000000c4e00000)
 Metaspace       used 20452K, capacity 21198K, committed 21296K, reserved 1067008K
  class space    used 2762K, capacity 2904K, committed 2944K, reserved 1048576K
}
Event: 33.899 GC heap before
{Heap before GC invocations=8 (full 1):
 PSYoungGen      total 37376K, used 31744K [0x00000000eba00000, 0x00000000ee400000, 0x0000000100000000)
  eden space 31744K, 100% used [0x00000000eba00000,0x00000000ed900000,0x00000000ed900000)
  from space 5632K, 0% used [0x00000000ede80000,0x00000000ede80000,0x00000000ee400000)
  to   space 5632K, 0% used [0x00000000ed900000,0x00000000ed900000,0x00000000ede80000)
 ParOldGen       total 32768K, used 6405K [0x00000000c2e00000, 0x00000000c4e00000, 0x00000000eba00000)
  object space 32768K, 19% used [0x00000000c2e00000,0x00000000c3441450,0x00000000c4e00000)
 Metaspace       used 25232K, capacity 25998K, committed 26112K, reserved 1071104K
  class space    used 3411K, capacity 3518K, committed 3584K, reserved 1048576K
Event: 33.907 GC heap after
Heap after GC invocations=8 (full 1):
 PSYoungGen      total 37376K, used 4724K [0x00000000eba00000, 0x00000000ef280000, 0x0000000100000000)
  eden space 31744K, 0% used [0x00000000eba00000,0x00000000eba00000,0x00000000ed900000)
  from space 5632K, 83% used [0x00000000ed900000,0x00000000edd9d1b8,0x00000000ede80000)
  to   space 5632K, 0% used [0x00000000eed00000,0x00000000eed00000,0x00000000ef280000)
 ParOldGen       total 32768K, used 6413K [0x00000000c2e00000, 0x00000000c4e00000, 0x00000000eba00000)
  object space 32768K, 19% used [0x00000000c2e00000,0x00000000c3443450,0x00000000c4e00000)
 Metaspace       used 25232K, capacity 25998K, committed 26112K, reserved 1071104K
  class space    used 3411K, capacity 3518K, committed 3584K, reserved 1048576K
}
Event: 47.776 GC heap before
{Heap before GC invocations=9 (full 1):
 PSYoungGen      total 37376K, used 36468K [0x00000000eba00000, 0x00000000ef280000, 0x0000000100000000)
  eden space 31744K, 100% used [0x00000000eba00000,0x00000000ed900000,0x00000000ed900000)
  from space 5632K, 83% used [0x00000000ed900000,0x00000000edd9d1b8,0x00000000ede80000)
  to   space 5632K, 0% used [0x00000000eed00000,0x00000000eed00000,0x00000000ef280000)
 ParOldGen       total 32768K, used 22797K [0x00000000c2e00000, 0x00000000c4e00000, 0x00000000eba00000)
  object space 32768K, 69% used [0x00000000c2e00000,0x00000000c4443460,0x00000000c4e00000)
 Metaspace       used 27217K, capacity 28086K, committed 28288K, reserved 1073152K
  class space    used 3595K, capacity 3710K, committed 3712K, reserved 1048576K
Event: 47.812 GC heap after
Heap after GC invocations=9 (full 1):
 PSYoungGen      total 48128K, used 3324K [0x00000000eba00000, 0x00000000ef080000, 0x0000000100000000)
  eden space 44544K, 0% used [0x00000000eba00000,0x00000000eba00000,0x00000000ee580000)
  from space 3584K, 92% used [0x00000000eed00000,0x00000000ef03f3a0,0x00000000ef080000)
  to   space 5632K, 0% used [0x00000000ee580000,0x00000000ee580000,0x00000000eeb00000)
 ParOldGen       total 49664K, used 39189K [0x00000000c2e00000, 0x00000000c5e80000, 0x00000000eba00000)
  object space 49664K, 78% used [0x00000000c2e00000,0x00000000c5445470,0x00000000c5e80000)
 Metaspace       used 27217K, capacity 28086K, committed 28288K, reserved 1073152K
  class space    used 3595K, capacity 3710K, committed 3712K, reserved 1048576K
}

Deoptimization events (10 events):
Event: 5.742 Thread 0x0000000018838800 Uncommon trap: reason=unstable_if action=reinterpret pc=0x00000000035dc6c8 method=java.lang.ThreadLocal$ThreadLocalMap.getEntry(Ljava/lang/ThreadLocal;)Ljava/lang/ThreadLocal$ThreadLocalMap$Entry; @ 29
Event: 6.372 Thread 0x0000000018838800 Uncommon trap: reason=unstable_if action=reinterpret pc=0x0000000003406fb8 method=java.util.HashMap.getNode(ILjava/lang/Object;)Ljava/util/HashMap$Node; @ 62
Event: 6.372 Thread 0x0000000018838800 Uncommon trap: reason=unstable_if action=reinterpret pc=0x000000000365f570 method=java.util.HashMap.putVal(ILjava/lang/Object;Ljava/lang/Object;ZZ)Ljava/lang/Object; @ 94
Event: 6.373 Thread 0x0000000018838800 Uncommon trap: reason=unstable_if action=reinterpret pc=0x00000000033fbf24 method=java.util.HashMap.getNode(ILjava/lang/Object;)Ljava/util/HashMap$Node; @ 62
Event: 6.384 Thread 0x0000000018ade000 Uncommon trap: reason=bimorphic action=maybe_recompile pc=0x00000000035d9398 method=java.util.AbstractCollection.isEmpty()Z @ 1
Event: 6.391 Thread 0x0000000018ade000 Uncommon trap: reason=bimorphic action=maybe_recompile pc=0x00000000035d9398 method=java.util.AbstractCollection.isEmpty()Z @ 1
Event: 6.391 Thread 0x0000000018ade000 Uncommon trap: reason=bimorphic action=maybe_recompile pc=0x00000000035d9398 method=java.util.AbstractCollection.isEmpty()Z @ 1
Event: 6.391 Thread 0x0000000018ade000 Uncommon trap: reason=bimorphic action=maybe_recompile pc=0x00000000035d9398 method=java.util.AbstractCollection.isEmpty()Z @ 1
Event: 33.952 Thread 0x0000000018adc000 Uncommon trap: reason=unstable_if action=reinterpret pc=0x000000000359c6b4 method=java.util.concurrent.ConcurrentHashMap.putVal(Ljava/lang/Object;Ljava/lang/Object;Z)Ljava/lang/Object; @ 181
Event: 34.187 Thread 0x000000001855e000 Uncommon trap: reason=null_check action=make_not_entrant pc=0x00000000035e0680 method=java.lang.StringCoding.deref(Ljava/lang/ThreadLocal;)Ljava/lang/Object; @ 4

Classes redefined (0 events):
No events

Internal exceptions (10 events):
Event: 34.210 Thread 0x000000001855e000 Exception <a 'java/lang/NoSuchMethodError': java.lang.Object.$anonfun$LocalTimeNanoOfDayWrites$1(Ljava/time/LocalTime;)Lplay/api/libs/json/JsNumber;> (0x00000000ed25f310) thrown at [C:\re\workspace\8-2-build-windows-amd64-cygwin\jdk8u221\13320\hotspot\src
Event: 34.210 Thread 0x000000001855e000 Exception <a 'java/lang/NoSuchMethodError': java.lang.Object.$anonfun$ZoneIdWrites$1(Ljava/time/ZoneId;)Lplay/api/libs/json/JsString;> (0x00000000ed2679a8) thrown at [C:\re\workspace\8-2-build-windows-amd64-cygwin\jdk8u221\13320\hotspot\src\share\vm\inter
Event: 34.211 Thread 0x000000001855e000 Exception <a 'java/lang/NoSuchMethodError': java.lang.Object.$anonfun$LocalDateTimeEpochMilliWrites$1(Ljava/time/LocalDateTime;)Lplay/api/libs/json/JsNumber;> (0x00000000ed26c3b8) thrown at [C:\re\workspace\8-2-build-windows-amd64-cygwin\jdk8u221\13320\ho
Event: 34.213 Thread 0x000000001855e000 Exception <a 'java/lang/NoSuchMethodError': java.lang.Object.$anonfun$LocalDateEpochMilliWrites$1(Ljava/time/LocalDate;)Lplay/api/libs/json/JsNumber;> (0x00000000ed276ab8) thrown at [C:\re\workspace\8-2-build-windows-amd64-cygwin\jdk8u221\13320\hotspot\sr
Event: 34.214 Thread 0x000000001855e000 Exception <a 'java/lang/NoSuchMethodError': java.lang.Object.$anonfun$localeWrites$1(Ljava/util/Locale;)Lplay/api/libs/json/JsString;> (0x00000000ed280a40) thrown at [C:\re\workspace\8-2-build-windows-amd64-cygwin\jdk8u221\13320\hotspot\src\share\vm\inter
Event: 34.218 Thread 0x000000001855e000 Exception <a 'java/lang/NoSuchMethodError': java.lang.Object.$anonfun$localeObjectWrites$1(Ljava/util/Locale;)Lplay/api/libs/json/JsObject;> (0x00000000ed2b9178) thrown at [C:\re\workspace\8-2-build-windows-amd64-cygwin\jdk8u221\13320\hotspot\src\share\vm
Event: 34.219 Thread 0x000000001855e000 Exception <a 'java/lang/NoSuchMethodError': java.lang.Object.$anonfun$javaDurationMillisWrites$1(Ljava/time/Duration;)Lplay/api/libs/json/JsNumber;> (0x00000000ed2c7850) thrown at [C:\re\workspace\8-2-build-windows-amd64-cygwin\jdk8u221\13320\hotspot\src\
Event: 34.220 Thread 0x000000001855e000 Exception <a 'java/lang/NoSuchMethodError': java.lang.Object.$anonfun$javaDurationWrites$1(Ljava/time/Duration;)Lplay/api/libs/json/JsString;> (0x00000000ed2cc068) thrown at [C:\re\workspace\8-2-build-windows-amd64-cygwin\jdk8u221\13320\hotspot\src\share\
Event: 34.221 Thread 0x000000001855e000 Exception <a 'java/lang/NoSuchMethodError': java.lang.Object.$anonfun$javaPeriodWrites$1(Ljava/time/Period;)Lplay/api/libs/json/JsString;> (0x00000000ed2d0a08) thrown at [C:\re\workspace\8-2-build-windows-amd64-cygwin\jdk8u221\13320\hotspot\src\share\vm\i
Event: 34.231 Thread 0x000000001883b000 Exception <a 'java/lang/NoSuchMethodError': java.lang.Object.$anonfun$toSeq$1(Lscala/collection/mutable/Builder;Lscala/Tuple2;)Lscala/collection/mutable/Builder;> (0x00000000ed339ee8) thrown at [C:\re\workspace\8-2-build-windows-amd64-cygwin\jdk8u221\1332

Events (10 events):
Event: 48.797 Thread 0x000000001663f000 flushing nmethod 0x0000000003636490
Event: 48.797 Thread 0x000000001663f000 flushing nmethod 0x0000000003637dd0
Event: 48.886 Thread 0x000000001663f000 flushing nmethod 0x0000000003643950
Event: 48.886 Thread 0x000000001663f000 flushing nmethod 0x0000000003652910
Event: 48.886 Thread 0x000000001663f000 flushing nmethod 0x0000000003653010
Event: 48.886 Thread 0x000000001663f000 flushing nmethod 0x000000000365ead0
Event: 48.886 Thread 0x000000001663f000 flushing nmethod 0x0000000003686510
Event: 48.886 Thread 0x000000001663f000 flushing nmethod 0x0000000003692350
Event: 49.979 loading class java/math/BigDecimal$StringBuilderHelper
Event: 49.980 loading class java/math/BigDecimal$StringBuilderHelper done


Dynamic libraries:
0x00007ff6f3960000 - 0x00007ff6f3997000 	C:\Program Files\Java\jdk1.8.0_221\bin\java.exe
0x00007ffa29610000 - 0x00007ffa297fd000 	C:\windows\SYSTEM32\ntdll.dll
0x00007ffa26b10000 - 0x00007ffa26bc3000 	C:\windows\System32\KERNEL32.DLL
0x00007ffa25900000 - 0x00007ffa25b93000 	C:\windows\System32\KERNELBASE.dll
0x00007ffa27cb0000 - 0x00007ffa27d53000 	C:\windows\System32\ADVAPI32.dll
0x00007ffa27c10000 - 0x00007ffa27cae000 	C:\windows\System32\msvcrt.dll
0x00007ffa27090000 - 0x00007ffa2712e000 	C:\windows\System32\sechost.dll
0x00007ffa271b0000 - 0x00007ffa272d2000 	C:\windows\System32\RPCRT4.dll
0x00007ffa29410000 - 0x00007ffa295a7000 	C:\windows\System32\USER32.dll
0x00007ffa258c0000 - 0x00007ffa258e0000 	C:\windows\System32\win32u.dll
0x00007ffa27be0000 - 0x00007ffa27c09000 	C:\windows\System32\GDI32.dll
0x00007ffa25720000 - 0x00007ffa258b9000 	C:\windows\System32\gdi32full.dll
0x00007ffa25ca0000 - 0x00007ffa25d40000 	C:\windows\System32\msvcp_win.dll
0x00007ffa25ba0000 - 0x00007ffa25c9a000 	C:\windows\System32\ucrtbase.dll
0x00007ffa079f0000 - 0x00007ffa07c69000 	C:\windows\WinSxS\amd64_microsoft.windows.common-controls_6595b64144ccf1df_6.0.17763.802_none_05b1445c0722d2cc\COMCTL32.dll
0x00007ffa27430000 - 0x00007ffa2775c000 	C:\windows\System32\combase.dll
0x00007ffa25fd0000 - 0x00007ffa2604e000 	C:\windows\System32\bcryptPrimitives.dll
0x00007ffa26d50000 - 0x00007ffa26d7e000 	C:\windows\System32\IMM32.DLL
0x0000000074310000 - 0x00000000743e2000 	C:\Program Files\Java\jdk1.8.0_221\jre\bin\msvcr100.dll
0x0000000073a60000 - 0x0000000074305000 	C:\Program Files\Java\jdk1.8.0_221\jre\bin\server\jvm.dll
0x00007ffa269a0000 - 0x00007ffa269a8000 	C:\windows\System32\PSAPI.DLL
0x00007ffa21620000 - 0x00007ffa21629000 	C:\windows\SYSTEM32\WSOCK32.dll
0x00007ffa273c0000 - 0x00007ffa2742d000 	C:\windows\System32\WS2_32.dll
0x00007ffa22da0000 - 0x00007ffa22dc4000 	C:\windows\SYSTEM32\WINMM.dll
0x00007ffa1a060000 - 0x00007ffa1a06a000 	C:\windows\SYSTEM32\VERSION.dll
0x00007ffa22d70000 - 0x00007ffa22d9d000 	C:\windows\SYSTEM32\WINMMBASE.dll
0x00007ffa256d0000 - 0x00007ffa2571a000 	C:\windows\System32\cfgmgr32.dll
0x00007ffa22cb0000 - 0x00007ffa22cbf000 	C:\Program Files\Java\jdk1.8.0_221\jre\bin\verify.dll
0x00007ffa20fc0000 - 0x00007ffa20fe9000 	C:\Program Files\Java\jdk1.8.0_221\jre\bin\java.dll
0x00007ffa22020000 - 0x00007ffa22043000 	C:\Program Files\Java\jdk1.8.0_221\jre\bin\instrument.dll
0x00007ffa22b30000 - 0x00007ffa22b46000 	C:\Program Files\Java\jdk1.8.0_221\jre\bin\zip.dll
0x00007ffa27f10000 - 0x00007ffa29404000 	C:\windows\System32\SHELL32.dll
0x00007ffa26c30000 - 0x00007ffa26cd8000 	C:\windows\System32\shcore.dll
0x00007ffa260e0000 - 0x00007ffa2682d000 	C:\windows\System32\windows.storage.dll
0x00007ffa25640000 - 0x00007ffa25664000 	C:\windows\System32\profapi.dll
0x00007ffa25670000 - 0x00007ffa256cd000 	C:\windows\System32\powrprof.dll
0x00007ffa26bd0000 - 0x00007ffa26c22000 	C:\windows\System32\shlwapi.dll
0x00007ffa25620000 - 0x00007ffa25631000 	C:\windows\System32\kernel.appcore.dll
0x00007ffa258e0000 - 0x00007ffa258f7000 	C:\windows\System32\cryptsp.dll
0x00007ffa22070000 - 0x00007ffa2208a000 	C:\Users\15853\AppData\Local\JetBrains\IntelliJ IDEA 2019.2.1\bin\breakgen64.dll
0x00007ffa20fa0000 - 0x00007ffa20fba000 	C:\Program Files\Java\jdk1.8.0_221\jre\bin\net.dll
0x00007ffa115d0000 - 0x00007ffa117a7000 	C:\windows\SYSTEM32\urlmon.dll
0x00007ffa11ba0000 - 0x00007ffa11e48000 	C:\windows\SYSTEM32\iertutil.dll
0x00007ffa24fe0000 - 0x00007ffa24fec000 	C:\windows\SYSTEM32\CRYPTBASE.DLL
0x00007ffa24e10000 - 0x00007ffa24e77000 	C:\windows\system32\mswsock.dll
0x00007ffa20ee0000 - 0x00007ffa20ef2000 	C:\Program Files\Java\jdk1.8.0_221\jre\bin\nio.dll
0x00007ffa24990000 - 0x00007ffa249c3000 	C:\windows\system32\rsaenh.dll
0x00007ffa26050000 - 0x00007ffa26076000 	C:\windows\System32\bcrypt.dll
0x00007ffa25530000 - 0x00007ffa25558000 	C:\windows\SYSTEM32\USERENV.dll
0x00007ffa24b30000 - 0x00007ffa24b6d000 	C:\windows\SYSTEM32\IPHLPAPI.DLL
0x00007ffa295b0000 - 0x00007ffa295b8000 	C:\windows\System32\NSI.dll
0x00007ffa177b0000 - 0x00007ffa177c6000 	C:\windows\SYSTEM32\dhcpcsvc6.DLL
0x00007ffa17d70000 - 0x00007ffa17d8c000 	C:\windows\SYSTEM32\dhcpcsvc.DLL
0x00007ffa24b70000 - 0x00007ffa24c36000 	C:\windows\SYSTEM32\DNSAPI.dll
0x00007ffa0cab0000 - 0x00007ffa0caba000 	C:\Windows\System32\rasadhlp.dll
0x00007ffa0e620000 - 0x00007ffa0e699000 	C:\windows\System32\fwpuclnt.dll
0x00007ffa22d30000 - 0x00007ffa22d3d000 	C:\Program Files\Java\jdk1.8.0_221\jre\bin\management.dll
0x00007ffa10100000 - 0x00007ffa10116000 	C:\windows\system32\napinsp.dll
0x00007ffa098c0000 - 0x00007ffa098da000 	C:\windows\system32\pnrpnsp.dll
0x00007ffa205b0000 - 0x00007ffa205be000 	C:\windows\System32\winrnr.dll
0x00007ffa1a250000 - 0x00007ffa1a26b000 	C:\windows\system32\NLAapi.dll
0x00007ffa1a210000 - 0x00007ffa1a225000 	C:\windows\system32\wshbth.dll

VM Arguments:
jvm_args: -javaagent:C:\Users\15853\AppData\Local\JetBrains\IntelliJ IDEA 2019.2.1\lib\idea_rt.jar=50656:C:\Users\15853\AppData\Local\JetBrains\IntelliJ IDEA 2019.2.1\bin -Dfile.encoding=UTF-8 
java_command: clicker.server.ClickerServer
java_class_path (initial): C:\Program Files\Java\jdk1.8.0_221\jre\lib\charsets.jar;C:\Program Files\Java\jdk1.8.0_221\jre\lib\deploy.jar;C:\Program Files\Java\jdk1.8.0_221\jre\lib\ext\access-bridge-64.jar;C:\Program Files\Java\jdk1.8.0_221\jre\lib\ext\cldrdata.jar;C:\Program Files\Java\jdk1.8.0_221\jre\lib\ext\dnsns.jar;C:\Program Files\Java\jdk1.8.0_221\jre\lib\ext\jaccess.jar;C:\Program Files\Java\jdk1.8.0_221\jre\lib\ext\jfxrt.jar;C:\Program Files\Java\jdk1.8.0_221\jre\lib\ext\localedata.jar;C:\Program Files\Java\jdk1.8.0_221\jre\lib\ext\nashorn.jar;C:\Program Files\Java\jdk1.8.0_221\jre\lib\ext\sunec.jar;C:\Program Files\Java\jdk1.8.0_221\jre\lib\ext\sunjce_provider.jar;C:\Program Files\Java\jdk1.8.0_221\jre\lib\ext\sunmscapi.jar;C:\Program Files\Java\jdk1.8.0_221\jre\lib\ext\sunpkcs11.jar;C:\Program Files\Java\jdk1.8.0_221\jre\lib\ext\zipfs.jar;C:\Program Files\Java\jdk1.8.0_221\jre\lib\javaws.jar;C:\Program Files\Java\jdk1.8.0_221\jre\lib\jce.jar;C:\Program Files\Java\jdk1.8.0_221\jre\lib\jfr.jar;C:\Program Files\Java\jdk1.8.0_221\jre\lib\jfxswt.jar;C:\Program Files\Java\jdk1.8.0_221\jre\lib\jsse.jar;C:\Program Files\Java\jdk1.8.0_221\jre\lib\management-agent.jar;C:\Program Files\Java\jdk1.8.0_221\jre\lib\plugin.jar;C:\Program Files\Java\jdk1.8.0_221\jre\lib\resources.jar;C:\Program Files\Java\jdk1.8.0_221\jre\lib\rt.jar;C:\Users\15853\IdeaProjects\Clicker2\target\classes;C:\Users\15853\.m2\repository\org\scalatest\scalatest_2.12\3.0.5\scalatest_2.12-3.0.5.jar;C:\Users\15853\.m2\repository\org\scala-lang\scala-library\2.12.4\scala-library-2.12.4.jar;C:\Users\15853\.m2\repository\org\scalactic\scalactic_2.12\3.0.5\scalactic_2.12-3.0.5.jar;C:\Users\15853\.m2\repository\org\scala-lang\scala-reflect\2.12.4\scala-reflect-2.12.4.jar;C:\Users\15853\.m2\repository\org\scala-lang\modules\scala-xml_2.12\1.0.6\scala-xml_2.12-1.0.6.jar;C:\Users\15853\.m2\repository\com\typesafe\play\play-json_2.12\2.7.1\play-json_2.12-2.7.1.jar;C:\Users\15853\.m2\repository\com\typesafe
Launcher Type: SUN_STANDARD

Environment Variables:
PATH=C:\Windows\system32;C:\Windows;C:\Windows\System32\Wbem;C:\Windows\System32\WindowsPowerShell\v1.0\C:\Program Files\Java\jdk1.8.0_221\bin;C:\Program Files\Git\cmd;C:\Users\15853\AppData\Local\Microsoft\WindowsApps
USERNAME=15853
OS=Windows_NT
PROCESSOR_IDENTIFIER=Intel64 Family 6 Model 122 Stepping 1, GenuineIntel



---------------  S Y S T E M  ---------------

OS: Windows 10.0 , 64 bit Build 17763 (10.0.17763.475)

CPU:total 2 (initial active 2) (2 cores per cpu, 1 threads per core) family 6 model 122 stepping 1, cmov, cx8, fxsr, mmx, sse, sse2, sse3, ssse3, sse4.1, sse4.2, popcnt, aes, clmul, erms, 3dnowpref, tsc, tscinvbit

Memory: 4k page, physical 4005196k(336640k free), swap 7660488k(5896k free)

vm_info: Java HotSpot(TM) 64-Bit Server VM (25.221-b11) for windows-amd64 JRE (1.8.0_221-b11), built on Jul  4 2019 04:39:29 by "java_re" with MS VC++ 10.0 (VS2010)

time: Thu Oct 24 23:05:09 2019
timezone: Eastern Daylight Time
elapsed time: 58 seconds (0d 0h 0m 58s)

